<?xml version="1.0" encoding="UTF-8"?>
<testsuite name="com.knowledge.data_source.test.SalesForceSourceTest" time="3.847" tests="4" errors="3" skipped="0" failures="0">
  <properties>
[...]
</properties>
  <testcase name="salesforceAttributeListing" classname="com.knowledge.data_source.test.SalesForceSourceTest" time="2.923">
    <error type="com.sforce.soap.partner.fault.LoginFault:"><![CDATA[com.sforce.soap.partner.fault.LoginFault: null
	at sun.reflect.NativeConstructorAccessorImpl.newInstance0(Native Method)
	at sun.reflect.NativeConstructorAccessorImpl.newInstance(NativeConstructorAccessorImpl.java:62)
	at sun.reflect.DelegatingConstructorAccessorImpl.newInstance(DelegatingConstructorAccessorImpl.java:45)
	at java.lang.reflect.Constructor.newInstance(Constructor.java:423)
	at java.lang.Class.newInstance(Class.java:442)
	at com.sforce.ws.bind.TypeMapper.readSingle(TypeMapper.java:677)
	at com.sforce.ws.bind.TypeMapper.readObject(TypeMapper.java:560)
	at com.sforce.ws.transport.SoapConnection.parseDetail(SoapConnection.java:250)
	at com.sforce.ws.transport.SoapConnection.createException(SoapConnection.java:224)
	at com.sforce.ws.transport.SoapConnection.receive(SoapConnection.java:163)
	at com.sforce.ws.transport.SoapConnection.send(SoapConnection.java:108)
	at com.sforce.soap.partner.PartnerConnection.login(PartnerConnection.java:818)
	at com.sforce.soap.partner.PartnerConnection.<init>(PartnerConnection.java:427)
	at com.knowledge.datasource.salesforce.ExternalSalesForceSource.getBulkConnection(ExternalSalesForceSource.java:315)
	at com.knowledge.datasource.salesforce.ExternalSalesForceSource.openDataSource(ExternalSalesForceSource.java:85)
	at com.knowledge.datasource.salesforce.ExternalSalesForceSource.getObjectAttribute(ExternalSalesForceSource.java:139)
	at com.knowledge.data_source.test.SalesForceSourceTest.salesforceAttributeListing(SalesForceSourceTest.java:39)
]]></error>
  </testcase>
  <testcase name="salesforceObjectlisting" classname="com.knowledge.data_source.test.SalesForceSourceTest" time="0.344">
    <error type="com.sforce.soap.partner.fault.LoginFault:"><![CDATA[com.sforce.soap.partner.fault.LoginFault: null
	at sun.reflect.NativeConstructorAccessorImpl.newInstance0(Native Method)
	at sun.reflect.NativeConstructorAccessorImpl.newInstance(NativeConstructorAccessorImpl.java:62)
	at sun.reflect.DelegatingConstructorAccessorImpl.newInstance(DelegatingConstructorAccessorImpl.java:45)
	at java.lang.reflect.Constructor.newInstance(Constructor.java:423)
	at java.lang.Class.newInstance(Class.java:442)
	at com.sforce.ws.bind.TypeMapper.readSingle(TypeMapper.java:677)
	at com.sforce.ws.bind.TypeMapper.readObject(TypeMapper.java:560)
	at com.sforce.ws.transport.SoapConnection.parseDetail(SoapConnection.java:250)
	at com.sforce.ws.transport.SoapConnection.createException(SoapConnection.java:224)
	at com.sforce.ws.transport.SoapConnection.receive(SoapConnection.java:163)
	at com.sforce.ws.transport.SoapConnection.send(SoapConnection.java:108)
	at com.sforce.soap.partner.PartnerConnection.login(PartnerConnection.java:818)
	at com.sforce.soap.partner.PartnerConnection.<init>(PartnerConnection.java:427)
	at com.knowledge.datasource.salesforce.ExternalSalesForceSource.getBulkConnection(ExternalSalesForceSource.java:315)
	at com.knowledge.datasource.salesforce.ExternalSalesForceSource.openDataSource(ExternalSalesForceSource.java:85)
	at com.knowledge.datasource.salesforce.ExternalSalesForceSource.getObjects(ExternalSalesForceSource.java:122)
	at com.knowledge.data_source.test.SalesForceSourceTest.salesforceObjectlisting(SalesForceSourceTest.java:44)
]]></error>
  </testcase>
  <testcase name="salesforceQueryExecution" classname="com.knowledge.data_source.test.SalesForceSourceTest" time="0.293">
    <error type="com.sforce.soap.partner.fault.LoginFault:"><![CDATA[com.sforce.soap.partner.fault.LoginFault: null
	at sun.reflect.NativeConstructorAccessorImpl.newInstance0(Native Method)
	at sun.reflect.NativeConstructorAccessorImpl.newInstance(NativeConstructorAccessorImpl.java:62)
	at sun.reflect.DelegatingConstructorAccessorImpl.newInstance(DelegatingConstructorAccessorImpl.java:45)
	at java.lang.reflect.Constructor.newInstance(Constructor.java:423)
	at java.lang.Class.newInstance(Class.java:442)
	at com.sforce.ws.bind.TypeMapper.readSingle(TypeMapper.java:677)
	at com.sforce.ws.bind.TypeMapper.readObject(TypeMapper.java:560)
	at com.sforce.ws.transport.SoapConnection.parseDetail(SoapConnection.java:250)
	at com.sforce.ws.transport.SoapConnection.createException(SoapConnection.java:224)
	at com.sforce.ws.transport.SoapConnection.receive(SoapConnection.java:163)
	at com.sforce.ws.transport.SoapConnection.send(SoapConnection.java:108)
	at com.sforce.soap.partner.PartnerConnection.login(PartnerConnection.java:818)
	at com.sforce.soap.partner.PartnerConnection.<init>(PartnerConnection.java:427)
	at com.knowledge.datasource.salesforce.ExternalSalesForceSource.getBulkConnection(ExternalSalesForceSource.java:315)
	at com.knowledge.datasource.salesforce.ExternalSalesForceSource.openDataSource(ExternalSalesForceSource.java:85)
	at com.knowledge.datasource.salesforce.ExternalSalesForceSource.query(ExternalSalesForceSource.java:101)
	at com.knowledge.data_source.test.SalesForceSourceTest.salesforceQueryExecution(SalesForceSourceTest.java:51)
]]></error>
  </testcase>
  <testcase name="connectionTest" classname="com.knowledge.data_source.test.SalesForceSourceTest" time="0.287"/>
</testsuite>